# JRE version: Java(TM) SE Runtime Environment (8.0_121-b13) (build 1.8.0_121-b13)
# Java VM: Java HotSpot(TM) 64-Bit Server VM (25.121-b13 mixed mode linux-amd64 compressed oops)
Heap:
 PSYoungGen      total 568320K, used 0K [0x00000000d7180000, 0x0000000100000000, 0x0000000100000000)
  eden space 520704K, 0% used [0x00000000d7180000,0x00000000d7180000,0x00000000f6e00000)
  from space 47616K, 0% used [0x00000000f6e00000,0x00000000f6e00000,0x00000000f9c80000)
  to   space 76288K, 0% used [0x00000000fb580000,0x00000000fb580000,0x0000000100000000)
 ParOldGen       total 411136K, used 397336K [0x0000000085400000, 0x000000009e580000, 0x00000000d7180000)
  object space 411136K, 96% used [0x0000000085400000,0x000000009d8061a0,0x000000009e580000)
 Metaspace       used 40172K, capacity 40528K, committed 40832K, reserved 1085440K
  class space    used 4332K, capacity 4428K, committed 4480K, reserved 1048576K
GC Heap History (10 events):
Event: 216,142 GC heap after
Heap after GC invocations=22 (full 4):
 PSYoungGen      total 597504K, used 44167K [0x00000000d7180000, 0x0000000100000000, 0x0000000100000000)
  eden space 528896K, 0% used [0x00000000d7180000,0x00000000d7180000,0x00000000f7600000)
  from space 68608K, 64% used [0x00000000fbd00000,0x00000000fe821de0,0x0000000100000000)
  to   space 70656K, 0% used [0x00000000f7600000,0x00000000f7600000,0x00000000fbb00000)
 ParOldGen       total 271360K, used 235456K [0x0000000085400000, 0x0000000095d00000, 0x00000000d7180000)
  object space 271360K, 86% used [0x0000000085400000,0x00000000939f00e0,0x0000000095d00000)
 Metaspace       used 39828K, capacity 40196K, committed 40576K, reserved 1085440K
  class space    used 4330K, capacity 4426K, committed 4480K, reserved 1048576K
}
Event: 216,142 GC heap before
{Heap before GC invocations=23 (full 5):
 PSYoungGen      total 597504K, used 44167K [0x00000000d7180000, 0x0000000100000000, 0x0000000100000000)
  eden space 528896K, 0% used [0x00000000d7180000,0x00000000d7180000,0x00000000f7600000)
  from space 68608K, 64% used [0x00000000fbd00000,0x00000000fe821de0,0x0000000100000000)
  to   space 70656K, 0% used [0x00000000f7600000,0x00000000f7600000,0x00000000fbb00000)
 ParOldGen       total 271360K, used 235456K [0x0000000085400000, 0x0000000095d00000, 0x00000000d7180000)
  object space 271360K, 86% used [0x0000000085400000,0x00000000939f00e0,0x0000000095d00000)
 Metaspace       used 39828K, capacity 40196K, committed 40576K, reserved 1085440K
  class space    used 4330K, capacity 4426K, committed 4480K, reserved 1048576K
Event: 218,813 GC heap after
Heap after GC invocations=23 (full 5):
 PSYoungGen      total 597504K, used 1142K [0x00000000d7180000, 0x0000000100000000, 0x0000000100000000)
  eden space 528896K, 0% used [0x00000000d7180000,0x00000000d7180000,0x00000000f7600000)
  from space 68608K, 1% used [0x00000000fbd00000,0x00000000fbe1d860,0x0000000100000000)
  to   space 70656K, 0% used [0x00000000f7600000,0x00000000f7600000,0x00000000fbb00000)
 ParOldGen       total 411136K, used 270904K [0x0000000085400000, 0x000000009e580000, 0x00000000d7180000)
  object space 411136K, 65% used [0x0000000085400000,0x0000000095c8e3c8,0x000000009e580000)
 Metaspace       used 39828K, capacity 40196K, committed 40576K, reserved 1085440K
  class space    used 4330K, capacity 4426K, committed 4480K, reserved 1048576K
}
Event: 243,354 GC heap before
{Heap before GC invocations=24 (full 5):
 PSYoungGen      total 597504K, used 530038K [0x00000000d7180000, 0x0000000100000000, 0x0000000100000000)
  eden space 528896K, 100% used [0x00000000d7180000,0x00000000f7600000,0x00000000f7600000)
  from space 68608K, 1% used [0x00000000fbd00000,0x00000000fbe1d860,0x0000000100000000)
  to   space 70656K, 0% used [0x00000000f7600000,0x00000000f7600000,0x00000000fbb00000)
 ParOldGen       total 411136K, used 270904K [0x0000000085400000, 0x000000009e580000, 0x00000000d7180000)
  object space 411136K, 65% used [0x0000000085400000,0x0000000095c8e3c8,0x000000009e580000)
 Metaspace       used 39984K, capacity 40324K, committed 40576K, reserved 1085440K
  class space    used 4331K, capacity 4426K, committed 4480K, reserved 1048576K
Event: 243,589 GC heap after
Heap after GC invocations=24 (full 5):
 PSYoungGen      total 576000K, used 46607K [0x00000000d7180000, 0x0000000100000000, 0x0000000100000000)
  eden space 528896K, 0% used [0x00000000d7180000,0x00000000d7180000,0x00000000f7600000)
  from space 47104K, 98% used [0x00000000f7600000,0x00000000fa383ed8,0x00000000fa400000)
  to   space 73216K, 0% used [0x00000000fb880000,0x00000000fb880000,0x0000000100000000)
 ParOldGen       total 411136K, used 272102K [0x0000000085400000, 0x000000009e580000, 0x00000000d7180000)
  object space 411136K, 66% used [0x0000000085400000,0x0000000095db9b68,0x000000009e580000)
 Metaspace       used 39984K, capacity 40324K, committed 40576K, reserved 1085440K
  class space    used 4331K, capacity 4426K, committed 4480K, reserved 1048576K
}
Event: 387,280 GC heap before
{Heap before GC invocations=25 (full 5):
 PSYoungGen      total 576000K, used 575503K [0x00000000d7180000, 0x0000000100000000, 0x0000000100000000)
  eden space 528896K, 100% used [0x00000000d7180000,0x00000000f7600000,0x00000000f7600000)
  from space 47104K, 98% used [0x00000000f7600000,0x00000000fa383ed8,0x00000000fa400000)
  to   space 73216K, 0% used [0x00000000fb880000,0x00000000fb880000,0x0000000100000000)
 ParOldGen       total 411136K, used 272102K [0x0000000085400000, 0x000000009e580000, 0x00000000d7180000)
  object space 411136K, 66% used [0x0000000085400000,0x0000000095db9b68,0x000000009e580000)
 Metaspace       used 40122K, capacity 40464K, committed 40832K, reserved 1085440K
  class space    used 4332K, capacity 4428K, committed 4480K, reserved 1048576K
Event: 387,566 GC heap after
Heap after GC invocations=25 (full 5):
 PSYoungGen      total 593920K, used 45728K [0x00000000d7180000, 0x0000000100000000, 0x0000000100000000)
  eden space 520704K, 0% used [0x00000000d7180000,0x00000000d7180000,0x00000000f6e00000)
  from space 73216K, 62% used [0x00000000fb880000,0x00000000fe528368,0x0000000100000000)
  to   space 74752K, 0% used [0x00000000f6e00000,0x00000000f6e00000,0x00000000fb700000)
 ParOldGen       total 411136K, used 314731K [0x0000000085400000, 0x000000009e580000, 0x00000000d7180000)
  object space 411136K, 76% used [0x0000000085400000,0x000000009875acd8,0x000000009e580000)
 Metaspace       used 40122K, capacity 40464K, committed 40832K, reserved 1085440K
  class space    used 4332K, capacity 4428K, committed 4480K, reserved 1048576K
}
Event: 407,266 GC heap before
{Heap before GC invocations=26 (full 5):
 PSYoungGen      total 593920K, used 566432K [0x00000000d7180000, 0x0000000100000000, 0x0000000100000000)
  eden space 520704K, 100% used [0x00000000d7180000,0x00000000f6e00000,0x00000000f6e00000)
  from space 73216K, 62% used [0x00000000fb880000,0x00000000fe528368,0x0000000100000000)
  to   space 74752K, 0% used [0x00000000f6e00000,0x00000000f6e00000,0x00000000fb700000)
 ParOldGen       total 411136K, used 314731K [0x0000000085400000, 0x000000009e580000, 0x00000000d7180000)
  object space 411136K, 76% used [0x0000000085400000,0x000000009875acd8,0x000000009e580000)
 Metaspace       used 40172K, capacity 40528K, committed 40832K, reserved 1085440K
  class space    used 4332K, capacity 4428K, committed 4480K, reserved 1048576K
Event: 407,496 GC heap after
Heap after GC invocations=26 (full 5):
 PSYoungGen      total 568320K, used 47329K [0x00000000d7180000, 0x0000000100000000, 0x0000000100000000)
  eden space 520704K, 0% used [0x00000000d7180000,0x00000000d7180000,0x00000000f6e00000)
  from space 47616K, 99% used [0x00000000f6e00000,0x00000000f9c38508,0x00000000f9c80000)
  to   space 76288K, 0% used [0x00000000fb580000,0x00000000fb580000,0x0000000100000000)
 ParOldGen       total 411136K, used 356363K [0x0000000085400000, 0x000000009e580000, 0x00000000d7180000)
  object space 411136K, 86% used [0x0000000085400000,0x000000009b002e70,0x000000009e580000)
 Metaspace       used 40172K, capacity 40528K, committed 40832K, reserved 1085440K
  class space    used 4332K, capacity 4428K, committed 4480K, reserved 1048576K
}
Event: 407,496 GC heap before
{Heap before GC invocations=27 (full 6):
 PSYoungGen      total 568320K, used 47329K [0x00000000d7180000, 0x0000000100000000, 0x0000000100000000)
  eden space 520704K, 0% used [0x00000000d7180000,0x00000000d7180000,0x00000000f6e00000)
  from space 47616K, 99% used [0x00000000f6e00000,0x00000000f9c38508,0x00000000f9c80000)
  to   space 76288K, 0% used [0x00000000fb580000,0x00000000fb580000,0x0000000100000000)
 ParOldGen       total 411136K, used 356363K [0x0000000085400000, 0x000000009e580000, 0x00000000d7180000)
  object space 411136K, 86% used [0x0000000085400000,0x000000009b002e70,0x000000009e580000)
 Metaspace       used 40172K, capacity 40528K, committed 40832K, reserved 1085440K
  class space    used 4332K, capacity 4428K, committed 4480K, reserved 1048576K

